<?xml version="1.0" encoding="UTF-8"?>
<!-- Generated by org.testng.reporters.JUnitReportReporter -->
<testsuite hostname="jemsnroy" failures="0" tests="3" name="com.fb.qa.Tests.HomePageTest" time="20.994" errors="0" timestamp="22 Nov. 2022 05:44:06 GMT" skipped="0">
  <testcase classname="com.fb.qa.Tests.HomePageTest" name="verifyURL" time="6.432"/>
  <testcase classname="com.fb.qa.Tests.HomePageTest" name="verifySearchBox" time="6.880"/>
  <testcase classname="com.fb.qa.Tests.HomePageTest" name="verifyLogOutButton" time="7.682"/>
</testsuite> <!-- com.fb.qa.Tests.HomePageTest -->
