<?xml version="1.0" encoding="UTF-8"?>
<!-- Generated by org.testng.reporters.JUnitReportReporter -->
<testsuite hostname="jemsnroy" failures="0" tests="5" name="com.fb.qa.Tests.LoginPageTest" time="29.302" errors="0" timestamp="24 Nov. 2022 05:47:05 GMT" skipped="0">
  <testcase classname="com.fb.qa.Tests.LoginPageTest" name="verifyImage" time="3.738"/>
  <testcase classname="com.fb.qa.Tests.LoginPageTest" name="verifyText" time="3.873"/>
  <testcase classname="com.fb.qa.Tests.LoginPageTest" name="verifyURL" time="3.271"/>
  <testcase classname="com.fb.qa.Tests.LoginPageTest" name="verifyloginWithWrongChar" time="8.638"/>
  <testcase classname="com.fb.qa.Tests.LoginPageTest" name="verifyLogin" time="9.782"/>
</testsuite> <!-- com.fb.qa.Tests.LoginPageTest -->
