<?xml version="1.0" encoding="UTF-8"?>
<!-- Generated by org.testng.reporters.JUnitReportReporter -->
<testsuite hostname="jemsnroy" failures="0" tests="1" name="com.fb.qa.Tests.SignUpPageTest" time="4.476" errors="0" timestamp="21 Nov. 2022 18:11:36 GMT" skipped="0">
  <testcase classname="com.fb.qa.Tests.SignUpPageTest" name="verifyCNA" time="4.476"/>
</testsuite> <!-- com.fb.qa.Tests.SignUpPageTest -->
