<?xml version="1.0" encoding="UTF-8"?>
<!-- Generated by org.testng.reporters.JUnitReportReporter -->
<testsuite hostname="jemsnroy" failures="0" tests="3" name="com.fb.qa.Tests.HomePageTest" time="21.838" errors="0" timestamp="23 Nov. 2022 23:45:23 GMT" skipped="0">
  <testcase classname="com.fb.qa.Tests.HomePageTest" name="verifyURL" time="7.177"/>
  <testcase classname="com.fb.qa.Tests.HomePageTest" name="verifySearchBox" time="7.004"/>
  <testcase classname="com.fb.qa.Tests.HomePageTest" name="verifyLogOutButton" time="7.657"/>
</testsuite> <!-- com.fb.qa.Tests.HomePageTest -->
