<?xml version="1.0" encoding="UTF-8"?>
<!-- Generated by org.testng.reporters.JUnitReportReporter -->
<testsuite hostname="jemsnroy" failures="0" tests="5" name="com.fb.qa.Tests.LoginPageTest" time="21.166" errors="0" timestamp="23 Nov. 2022 23:45:23 GMT" skipped="0">
  <testcase classname="com.fb.qa.Tests.LoginPageTest" name="verifyImage" time="3.485"/>
  <testcase classname="com.fb.qa.Tests.LoginPageTest" name="verifyText" time="3.266"/>
  <testcase classname="com.fb.qa.Tests.LoginPageTest" name="verifyURL" time="3.070"/>
  <testcase classname="com.fb.qa.Tests.LoginPageTest" name="verifyloginWithWrongChar" time="4.543"/>
  <testcase classname="com.fb.qa.Tests.LoginPageTest" name="verifyLogin" time="6.802"/>
</testsuite> <!-- com.fb.qa.Tests.LoginPageTest -->
