<?xml version="1.0" encoding="UTF-8"?>
<!-- Generated by org.testng.reporters.JUnitReportReporter -->
<testsuite hostname="jemsnroy" failures="0" tests="1" name="com.fb.qa.Tests.SignUpPageTest" time="4.802" errors="0" timestamp="23 Nov. 2022 23:45:23 GMT" skipped="0">
  <testcase classname="com.fb.qa.Tests.SignUpPageTest" name="verifyCNA" time="4.802"/>
</testsuite> <!-- com.fb.qa.Tests.SignUpPageTest -->
